<?xml version="1.0" encoding="UTF-8"?>
<testng-results skipped="0" failed="0" ignored="0" total="1" passed="1">
  <reporter-output>
  </reporter-output>
  <suite name="Default suite" duration-ms="74064" started-at="2019-10-18T13:51:17Z" finished-at="2019-10-18T13:52:31Z">
    <groups>
    </groups>
    <test name="Default test" duration-ms="74064" started-at="2019-10-18T13:51:17Z" finished-at="2019-10-18T13:52:31Z">
      <class name="scenarios.MyStore_SignInWithRegisteredUserTest">
        <test-method status="PASS" signature="startTest(org.testng.ITestContext)[pri:0, instance:[MyStore_SignInWithRegisteredUserTest passed=0 failed=0 skipped=0]]" name="startTest" is-config="true" duration-ms="34076" started-at="2019-10-18T13:51:17Z" finished-at="2019-10-18T13:51:51Z">
          <params>
            <param index="0">
              <value>
                <![CDATA[org.testng.TestRunner@59262a90]]>
              </value>
            </param>
          </params>
          <reporter-output>
          </reporter-output>
        </test-method> <!-- startTest -->
        <test-method status="PASS" signature="testScenario()[pri:0, instance:[MyStore_SignInWithRegisteredUserTest passed=0 failed=0 skipped=0]]" name="testScenario" duration-ms="38565" started-at="2019-10-18T13:51:51Z" finished-at="2019-10-18T13:52:30Z">
          <reporter-output>
          </reporter-output>
        </test-method> <!-- testScenario -->
        <test-method status="PASS" signature="endTest(org.testng.ITestContext)[pri:0, instance:[MyStore_SignInWithRegisteredUserTest passed=0 failed=0 skipped=0]]" name="endTest" is-config="true" duration-ms="665" started-at="2019-10-18T13:52:30Z" finished-at="2019-10-18T13:52:31Z">
          <params>
            <param index="0">
              <value>
                <![CDATA[org.testng.TestRunner@59262a90]]>
              </value>
            </param>
          </params>
          <reporter-output>
          </reporter-output>
        </test-method> <!-- endTest -->
      </class> <!-- scenarios.MyStore_SignInWithRegisteredUserTest -->
    </test> <!-- Default test -->
  </suite> <!-- Default suite -->
</testng-results>
